<?xml version="1.0" encoding="UTF-8"?>
<!-- Generated by org.testng.reporters.JUnitReportReporter -->
<testsuite hostname="LAPTOP-QV3VKOM2" failures="0" tests="4" name="day1RestAssured.HTTPRequest" time="7.581" errors="0" timestamp="2024-01-09T14:52:18 IST" skipped="0">
  <testcase classname="day1RestAssured.HTTPRequest" name="getUsers" time="3.187"/>
  <system-out/>
  <testcase classname="day1RestAssured.HTTPRequest" name="createUser" time="1.664"/>
  <system-out/>
  <testcase classname="day1RestAssured.HTTPRequest" name="updateUser" time="1.412"/>
  <system-out/>
  <testcase classname="day1RestAssured.HTTPRequest" name="deleteUser" time="1.318"/>
  <system-out/>
</testsuite> <!-- day1RestAssured.HTTPRequest -->
