<?xml version="1.0" encoding="UTF-8"?>
<!-- Generated by org.testng.reporters.JUnitReportReporter -->
<testsuite hostname="LAPTOP-QV3VKOM2" failures="0" tests="4" name="day1RestAssured.HTTPRequest" time="4.549" errors="0" timestamp="2024-01-10T20:52:06 IST" skipped="0">
  <testcase classname="day1RestAssured.HTTPRequest" name="getUsers" time="2.146"/>
  <system-out/>
  <testcase classname="day1RestAssured.HTTPRequest" name="createUser" time="1.054"/>
  <system-out/>
  <testcase classname="day1RestAssured.HTTPRequest" name="updateUser" time="0.600"/>
  <system-out/>
  <testcase classname="day1RestAssured.HTTPRequest" name="deleteUser" time="0.749"/>
  <system-out/>
</testsuite> <!-- day1RestAssured.HTTPRequest -->
