<?xml version="1.0" encoding="UTF-8"?>
<!-- Generated by org.testng.reporters.JUnitReportReporter -->
<testsuite hostname="LAPTOP-QV3VKOM2" failures="0" tests="1" name="day1RestAssured.PutRequest" time="2.276" errors="0" timestamp="2024-01-10T20:56:42 IST" skipped="0">
  <testcase classname="day1RestAssured.PutRequest" name="createUser1" time="2.276"/>
  <system-out/>
</testsuite> <!-- day1RestAssured.PutRequest -->
